<?xml version="1.0" encoding="UTF-8"?>
<!-- Generated by org.testng.reporters.JUnitReportReporter -->
<testsuite hostname="LMYPF1HJKSM" failures="0" tests="9" name="TestNGPkg.TestNGPractice" time="3.569" errors="0" timestamp="2021-08-02T09:43:22 SGT" skipped="0">
  <testcase classname="TestNGPkg.TestNGPractice" name="openURL" time="2.522"/>
  <system-out/>
  <testcase classname="TestNGPkg.TestNGPractice" name="keyInFirstName" time="0.089"/>
  <system-out/>
  <testcase classname="TestNGPkg.TestNGPractice" name="keyInLastName" time="0.076"/>
  <system-out/>
  <testcase classname="TestNGPkg.TestNGPractice" name="keyInEmail" time="0.103"/>
  <system-out/>
  <testcase classname="TestNGPkg.TestNGPractice" name="keyInPhno" time="0.077"/>
  <system-out/>
  <testcase classname="TestNGPkg.TestNGPractice" name="keyInPwd" time="0.072"/>
  <system-out/>
  <testcase classname="TestNGPkg.TestNGPractice" name="keyInConfirmPwd" time="0.084"/>
  <system-out/>
  <testcase classname="TestNGPkg.TestNGPractice" name="policy" time="0.064"/>
  <system-out/>
  <testcase classname="TestNGPkg.TestNGPractice" name="submit" time="0.482"/>
  <system-out/>
</testsuite> <!-- TestNGPkg.TestNGPractice -->
